<?xml version="1.0" encoding="UTF-8"?>
<testng-results ignored="0" total="0" passed="0" failed="0" skipped="0">
  <reporter-output>
  </reporter-output>
  <suite started-at="2021-10-19T16:56:19 BST" name="Testing.cucumberTest" finished-at="2021-10-19T16:56:19 BST" duration-ms="25">
    <groups>
    </groups>
    <test started-at="2021-10-19T16:56:19 BST" name="Command line test" finished-at="2021-10-19T16:56:19 BST" duration-ms="25">
    </test> <!-- Command line test -->
  </suite> <!-- Testing.cucumberTest -->
</testng-results>
